Analysis & Synthesis report for fb_b
Thu May 24 18:36:56 2018
Quartus II 32-bit Version 13.0.1 Build 232 06/12/2013 Service Pack 1 SJ Web Edition


---------------------
; Table of Contents ;
---------------------
  1. Legal Notice
  2. Analysis & Synthesis Summary
  3. Analysis & Synthesis Settings
  4. Parallel Compilation
  5. Analysis & Synthesis Source Files Read
  6. Analysis & Synthesis Resource Usage Summary
  7. Analysis & Synthesis Resource Utilization by Entity
  8. General Register Statistics
  9. Port Connectivity Checks: "light:li|mux:cm2"
 10. Port Connectivity Checks: "light:li|mux:cm1"
 11. Port Connectivity Checks: "B_adder:adder|F_adder:F0"
 12. Elapsed Time Per Partition
 13. Analysis & Synthesis Messages
 14. Analysis & Synthesis Suppressed Messages



----------------
; Legal Notice ;
----------------
Copyright (C) 1991-2013 Altera Corporation
Your use of Altera Corporation's design tools, logic functions 
and other software and tools, and its AMPP partner logic 
functions, and any output files from any of the foregoing 
(including device programming or simulation files), and any 
associated documentation or information are expressly subject 
to the terms and conditions of the Altera Program License 
Subscription Agreement, Altera MegaCore Function License 
Agreement, or other applicable license agreement, including, 
without limitation, that your use is for the sole purpose of 
programming logic devices manufactured by Altera and sold by 
Altera or its authorized distributors.  Please refer to the 
applicable agreement for further details.



+--------------------------------------------------------------------------------------+
; Analysis & Synthesis Summary                                                         ;
+------------------------------------+-------------------------------------------------+
; Analysis & Synthesis Status        ; Successful - Thu May 24 18:36:56 2018           ;
; Quartus II 32-bit Version          ; 13.0.1 Build 232 06/12/2013 SP 1 SJ Web Edition ;
; Revision Name                      ; fb_b                                            ;
; Top-level Entity Name              ; fb_b                                            ;
; Family                             ; Cyclone II                                      ;
; Total logic elements               ; 31                                              ;
;     Total combinational functions  ; 31                                              ;
;     Dedicated logic registers      ; 0                                               ;
; Total registers                    ; 0                                               ;
; Total pins                         ; 25                                              ;
; Total virtual pins                 ; 0                                               ;
; Total memory bits                  ; 0                                               ;
; Embedded Multiplier 9-bit elements ; 0                                               ;
; Total PLLs                         ; 0                                               ;
+------------------------------------+-------------------------------------------------+


+----------------------------------------------------------------------------------------------------------------------+
; Analysis & Synthesis Settings                                                                                        ;
+----------------------------------------------------------------------------+--------------------+--------------------+
; Option                                                                     ; Setting            ; Default Value      ;
+----------------------------------------------------------------------------+--------------------+--------------------+
; Device                                                                     ; EP2C35F672C8       ;                    ;
; Top-level entity name                                                      ; fb_b               ; fb_b               ;
; Family name                                                                ; Cyclone II         ; Cyclone IV GX      ;
; Use smart compilation                                                      ; Off                ; Off                ;
; Enable parallel Assembler and TimeQuest Timing Analyzer during compilation ; On                 ; On                 ;
; Enable compact report table                                                ; Off                ; Off                ;
; Restructure Multiplexers                                                   ; Auto               ; Auto               ;
; Create Debugging Nodes for IP Cores                                        ; Off                ; Off                ;
; Preserve fewer node names                                                  ; On                 ; On                 ;
; Disable OpenCore Plus hardware evaluation                                  ; Off                ; Off                ;
; Verilog Version                                                            ; Verilog_2001       ; Verilog_2001       ;
; VHDL Version                                                               ; VHDL_1993          ; VHDL_1993          ;
; State Machine Processing                                                   ; Auto               ; Auto               ;
; Safe State Machine                                                         ; Off                ; Off                ;
; Extract Verilog State Machines                                             ; On                 ; On                 ;
; Extract VHDL State Machines                                                ; On                 ; On                 ;
; Ignore Verilog initial constructs                                          ; Off                ; Off                ;
; Iteration limit for constant Verilog loops                                 ; 5000               ; 5000               ;
; Iteration limit for non-constant Verilog loops                             ; 250                ; 250                ;
; Add Pass-Through Logic to Inferred RAMs                                    ; On                 ; On                 ;
; Infer RAMs from Raw Logic                                                  ; On                 ; On                 ;
; Parallel Synthesis                                                         ; On                 ; On                 ;
; DSP Block Balancing                                                        ; Auto               ; Auto               ;
; NOT Gate Push-Back                                                         ; On                 ; On                 ;
; Power-Up Don't Care                                                        ; On                 ; On                 ;
; Remove Redundant Logic Cells                                               ; Off                ; Off                ;
; Remove Duplicate Registers                                                 ; On                 ; On                 ;
; Ignore CARRY Buffers                                                       ; Off                ; Off                ;
; Ignore CASCADE Buffers                                                     ; Off                ; Off                ;
; Ignore GLOBAL Buffers                                                      ; Off                ; Off                ;
; Ignore ROW GLOBAL Buffers                                                  ; Off                ; Off                ;
; Ignore LCELL Buffers                                                       ; Off                ; Off                ;
; Ignore SOFT Buffers                                                        ; On                 ; On                 ;
; Limit AHDL Integers to 32 Bits                                             ; Off                ; Off                ;
; Optimization Technique                                                     ; Balanced           ; Balanced           ;
; Carry Chain Length                                                         ; 70                 ; 70                 ;
; Auto Carry Chains                                                          ; On                 ; On                 ;
; Auto Open-Drain Pins                                                       ; On                 ; On                 ;
; Perform WYSIWYG Primitive Resynthesis                                      ; Off                ; Off                ;
; Auto ROM Replacement                                                       ; On                 ; On                 ;
; Auto RAM Replacement                                                       ; On                 ; On                 ;
; Auto Shift Register Replacement                                            ; Auto               ; Auto               ;
; Allow Shift Register Merging across Hierarchies                            ; Auto               ; Auto               ;
; Auto Clock Enable Replacement                                              ; On                 ; On                 ;
; Strict RAM Replacement                                                     ; Off                ; Off                ;
; Allow Synchronous Control Signals                                          ; On                 ; On                 ;
; Force Use of Synchronous Clear Signals                                     ; Off                ; Off                ;
; Auto RAM to Logic Cell Conversion                                          ; Off                ; Off                ;
; Auto Resource Sharing                                                      ; Off                ; Off                ;
; Allow Any RAM Size For Recognition                                         ; Off                ; Off                ;
; Allow Any ROM Size For Recognition                                         ; Off                ; Off                ;
; Allow Any Shift Register Size For Recognition                              ; Off                ; Off                ;
; Use LogicLock Constraints during Resource Balancing                        ; On                 ; On                 ;
; Ignore translate_off and synthesis_off directives                          ; Off                ; Off                ;
; Timing-Driven Synthesis                                                    ; Off                ; Off                ;
; Report Parameter Settings                                                  ; On                 ; On                 ;
; Report Source Assignments                                                  ; On                 ; On                 ;
; Report Connectivity Checks                                                 ; On                 ; On                 ;
; Ignore Maximum Fan-Out Assignments                                         ; Off                ; Off                ;
; Synchronization Register Chain Length                                      ; 2                  ; 2                  ;
; PowerPlay Power Optimization                                               ; Normal compilation ; Normal compilation ;
; HDL message level                                                          ; Level2             ; Level2             ;
; Suppress Register Optimization Related Messages                            ; Off                ; Off                ;
; Number of Removed Registers Reported in Synthesis Report                   ; 5000               ; 5000               ;
; Number of Swept Nodes Reported in Synthesis Report                         ; 5000               ; 5000               ;
; Number of Inverted Registers Reported in Synthesis Report                  ; 100                ; 100                ;
; Clock MUX Protection                                                       ; On                 ; On                 ;
; Auto Gated Clock Conversion                                                ; Off                ; Off                ;
; Block Design Naming                                                        ; Auto               ; Auto               ;
; SDC constraint protection                                                  ; Off                ; Off                ;
; Synthesis Effort                                                           ; Auto               ; Auto               ;
; Shift Register Replacement - Allow Asynchronous Clear Signal               ; On                 ; On                 ;
; Pre-Mapping Resynthesis Optimization                                       ; Off                ; Off                ;
; Analysis & Synthesis Message Level                                         ; Medium             ; Medium             ;
; Disable Register Merging Across Hierarchies                                ; Auto               ; Auto               ;
; Resource Aware Inference For Block RAM                                     ; On                 ; On                 ;
; Synthesis Seed                                                             ; 1                  ; 1                  ;
+----------------------------------------------------------------------------+--------------------+--------------------+


Parallel compilation was disabled, but you have multiple processors available. Enable parallel compilation to reduce compilation time.
+-------------------------------------+
; Parallel Compilation                ;
+----------------------------+--------+
; Processors                 ; Number ;
+----------------------------+--------+
; Number detected on machine ; 4      ;
; Maximum allowed            ; 1      ;
+----------------------------+--------+


+-----------------------------------------------------------------------------------------------------------------------------------+
; Analysis & Synthesis Source Files Read                                                                                            ;
+----------------------------------+-----------------+------------------------+-------------------------------------------+---------+
; File Name with User-Entered Path ; Used in Netlist ; File Type              ; File Name with Absolute Path              ; Library ;
+----------------------------------+-----------------+------------------------+-------------------------------------------+---------+
; ../B_adder/B_adder.v             ; yes             ; User Verilog HDL File  ; C:/Users/35-325/Desktop/B_adder/B_adder.v ;         ;
; ../F_adder/F_adder.v             ; yes             ; User Verilog HDL File  ; C:/Users/35-325/Desktop/F_adder/F_adder.v ;         ;
; ../H_adder/H_adder.v             ; yes             ; User Verilog HDL File  ; C:/Users/35-325/Desktop/H_adder/H_adder.v ;         ;
; ../convert/convert.v             ; yes             ; User Verilog HDL File  ; C:/Users/35-325/Desktop/convert/convert.v ;         ;
; ../light/light.v                 ; yes             ; User Verilog HDL File  ; C:/Users/35-325/Desktop/light/light.v     ;         ;
; ../segment/segment.v             ; yes             ; User Verilog HDL File  ; C:/Users/35-325/Desktop/segment/segment.v ;         ;
; ../mux/mux.v                     ; yes             ; User Verilog HDL File  ; C:/Users/35-325/Desktop/mux/mux.v         ;         ;
; fb_b.v                           ; yes             ; User Verilog HDL File  ; C:/Users/35-325/Desktop/fb_b/fb_b.v       ;         ;
+----------------------------------+-----------------+------------------------+-------------------------------------------+---------+


+-----------------------------------------------------+
; Analysis & Synthesis Resource Usage Summary         ;
+---------------------------------------------+-------+
; Resource                                    ; Usage ;
+---------------------------------------------+-------+
; Estimated Total logic elements              ; 31    ;
;                                             ;       ;
; Total combinational functions               ; 31    ;
; Logic element usage by number of LUT inputs ;       ;
;     -- 4 input functions                    ; 20    ;
;     -- 3 input functions                    ; 8     ;
;     -- <=2 input functions                  ; 3     ;
;                                             ;       ;
; Logic elements by mode                      ;       ;
;     -- normal mode                          ; 31    ;
;     -- arithmetic mode                      ; 0     ;
;                                             ;       ;
; Total registers                             ; 0     ;
;     -- Dedicated logic registers            ; 0     ;
;     -- I/O registers                        ; 0     ;
;                                             ;       ;
; I/O pins                                    ; 25    ;
; Embedded Multiplier 9-bit elements          ; 0     ;
; Maximum fan-out node                        ; clock ;
; Maximum fan-out                             ; 11    ;
; Total fan-out                               ; 119   ;
; Average fan-out                             ; 2.13  ;
+---------------------------------------------+-------+


+---------------------------------------------------------------------------------------------------------------------------------------------------------------------------------------------------+
; Analysis & Synthesis Resource Utilization by Entity                                                                                                                                               ;
+----------------------------+-------------------+--------------+-------------+--------------+---------+-----------+------+--------------+-------------------------------------------+--------------+
; Compilation Hierarchy Node ; LC Combinationals ; LC Registers ; Memory Bits ; DSP Elements ; DSP 9x9 ; DSP 18x18 ; Pins ; Virtual Pins ; Full Hierarchy Name                       ; Library Name ;
+----------------------------+-------------------+--------------+-------------+--------------+---------+-----------+------+--------------+-------------------------------------------+--------------+
; |fb_b                      ; 31 (0)            ; 0 (0)        ; 0           ; 0            ; 0       ; 0         ; 25   ; 0            ; |fb_b                                     ; work         ;
;    |B_adder:adder|         ; 7 (0)             ; 0 (0)        ; 0           ; 0            ; 0       ; 0         ; 0    ; 0            ; |fb_b|B_adder:adder                       ; work         ;
;       |F_adder:F0|         ; 1 (0)             ; 0 (0)        ; 0           ; 0            ; 0       ; 0         ; 0    ; 0            ; |fb_b|B_adder:adder|F_adder:F0            ; work         ;
;          |H_adder:h1|      ; 1 (1)             ; 0 (0)        ; 0           ; 0            ; 0       ; 0         ; 0    ; 0            ; |fb_b|B_adder:adder|F_adder:F0|H_adder:h1 ; work         ;
;       |F_adder:F1|         ; 2 (1)             ; 0 (0)        ; 0           ; 0            ; 0       ; 0         ; 0    ; 0            ; |fb_b|B_adder:adder|F_adder:F1            ; work         ;
;          |H_adder:h2|      ; 1 (1)             ; 0 (0)        ; 0           ; 0            ; 0       ; 0         ; 0    ; 0            ; |fb_b|B_adder:adder|F_adder:F1|H_adder:h2 ; work         ;
;       |F_adder:F2|         ; 2 (1)             ; 0 (0)        ; 0           ; 0            ; 0       ; 0         ; 0    ; 0            ; |fb_b|B_adder:adder|F_adder:F2            ; work         ;
;          |H_adder:h2|      ; 1 (1)             ; 0 (0)        ; 0           ; 0            ; 0       ; 0         ; 0    ; 0            ; |fb_b|B_adder:adder|F_adder:F2|H_adder:h2 ; work         ;
;       |F_adder:F3|         ; 2 (1)             ; 0 (0)        ; 0           ; 0            ; 0       ; 0         ; 0    ; 0            ; |fb_b|B_adder:adder|F_adder:F3            ; work         ;
;          |H_adder:h2|      ; 1 (1)             ; 0 (0)        ; 0           ; 0            ; 0       ; 0         ; 0    ; 0            ; |fb_b|B_adder:adder|F_adder:F3|H_adder:h2 ; work         ;
;    |convert:con|           ; 5 (5)             ; 0 (0)        ; 0           ; 0            ; 0       ; 0         ; 0    ; 0            ; |fb_b|convert:con                         ; work         ;
;    |light:li|              ; 19 (0)            ; 0 (0)        ; 0           ; 0            ; 0       ; 0         ; 0    ; 0            ; |fb_b|light:li                            ; work         ;
;       |mux:m0|             ; 3 (3)             ; 0 (0)        ; 0           ; 0            ; 0       ; 0         ; 0    ; 0            ; |fb_b|light:li|mux:m0                     ; work         ;
;       |mux:m1|             ; 2 (2)             ; 0 (0)        ; 0           ; 0            ; 0       ; 0         ; 0    ; 0            ; |fb_b|light:li|mux:m1                     ; work         ;
;       |mux:m2|             ; 3 (3)             ; 0 (0)        ; 0           ; 0            ; 0       ; 0         ; 0    ; 0            ; |fb_b|light:li|mux:m2                     ; work         ;
;       |mux:m3|             ; 5 (5)             ; 0 (0)        ; 0           ; 0            ; 0       ; 0         ; 0    ; 0            ; |fb_b|light:li|mux:m3                     ; work         ;
;       |mux:m4|             ; 2 (2)             ; 0 (0)        ; 0           ; 0            ; 0       ; 0         ; 0    ; 0            ; |fb_b|light:li|mux:m4                     ; work         ;
;       |mux:m5|             ; 2 (2)             ; 0 (0)        ; 0           ; 0            ; 0       ; 0         ; 0    ; 0            ; |fb_b|light:li|mux:m5                     ; work         ;
;       |mux:m6|             ; 2 (2)             ; 0 (0)        ; 0           ; 0            ; 0       ; 0         ; 0    ; 0            ; |fb_b|light:li|mux:m6                     ; work         ;
+----------------------------+-------------------+--------------+-------------+--------------+---------+-----------+------+--------------+-------------------------------------------+--------------+
Note: For table entries with two numbers listed, the numbers in parentheses indicate the number of resources of the given type used by the specific entity alone. The numbers listed outside of parentheses indicate the total resources of the given type used by the specific entity and all of its sub-entities in the hierarchy.


+------------------------------------------------------+
; General Register Statistics                          ;
+----------------------------------------------+-------+
; Statistic                                    ; Value ;
+----------------------------------------------+-------+
; Total registers                              ; 0     ;
; Number of registers using Synchronous Clear  ; 0     ;
; Number of registers using Synchronous Load   ; 0     ;
; Number of registers using Asynchronous Clear ; 0     ;
; Number of registers using Asynchronous Load  ; 0     ;
; Number of registers using Clock Enable       ; 0     ;
; Number of registers using Preset             ; 0     ;
+----------------------------------------------+-------+


+----------------------------------------------------------------------------------------------------------------------------------------------------------------------------------------------------------------+
; Port Connectivity Checks: "light:li|mux:cm2"                                                                                                                                                                   ;
+--------+-------+----------+------------------------------------------------------------------------------------------------------------------------------------------------------------------------------------+
; Port   ; Type  ; Severity ; Details                                                                                                                                                                            ;
+--------+-------+----------+------------------------------------------------------------------------------------------------------------------------------------------------------------------------------------+
; I0     ; Input ; Warning  ; Input port expression (32 bits) is wider than the input port (1 bits) it drives.  The 31 most-significant bit(s) in the expression will be dangling if they have no other fanouts. ;
; I0[-1] ; Input ; Info     ; Stuck at VCC                                                                                                                                                                       ;
; I1     ; Input ; Warning  ; Input port expression (32 bits) is wider than the input port (1 bits) it drives.  The 31 most-significant bit(s) in the expression will be dangling if they have no other fanouts. ;
; I1[-1] ; Input ; Info     ; Stuck at GND                                                                                                                                                                       ;
+--------+-------+----------+------------------------------------------------------------------------------------------------------------------------------------------------------------------------------------+


+----------------------------------------------------------------------------------------------------------------------------------------------------------------------------------------------------------------+
; Port Connectivity Checks: "light:li|mux:cm1"                                                                                                                                                                   ;
+--------+-------+----------+------------------------------------------------------------------------------------------------------------------------------------------------------------------------------------+
; Port   ; Type  ; Severity ; Details                                                                                                                                                                            ;
+--------+-------+----------+------------------------------------------------------------------------------------------------------------------------------------------------------------------------------------+
; I0     ; Input ; Warning  ; Input port expression (32 bits) is wider than the input port (1 bits) it drives.  The 31 most-significant bit(s) in the expression will be dangling if they have no other fanouts. ;
; I0[-1] ; Input ; Info     ; Stuck at GND                                                                                                                                                                       ;
; I1     ; Input ; Warning  ; Input port expression (32 bits) is wider than the input port (1 bits) it drives.  The 31 most-significant bit(s) in the expression will be dangling if they have no other fanouts. ;
; I1[-1] ; Input ; Info     ; Stuck at VCC                                                                                                                                                                       ;
+--------+-------+----------+------------------------------------------------------------------------------------------------------------------------------------------------------------------------------------+


+------------------------------------------------------+
; Port Connectivity Checks: "B_adder:adder|F_adder:F0" ;
+------+-------+----------+----------------------------+
; Port ; Type  ; Severity ; Details                    ;
+------+-------+----------+----------------------------+
; Cin  ; Input ; Info     ; Stuck at GND               ;
+------+-------+----------+----------------------------+


+-------------------------------+
; Elapsed Time Per Partition    ;
+----------------+--------------+
; Partition Name ; Elapsed Time ;
+----------------+--------------+
; Top            ; 00:00:00     ;
+----------------+--------------+


+-------------------------------+
; Analysis & Synthesis Messages ;
+-------------------------------+
Info: *******************************************************************
Info: Running Quartus II 32-bit Analysis & Synthesis
    Info: Version 13.0.1 Build 232 06/12/2013 Service Pack 1 SJ Web Edition
    Info: Processing started: Thu May 24 18:36:55 2018
Info: Command: quartus_map --read_settings_files=on --write_settings_files=off fb_b -c fb_b
Warning (20028): Parallel compilation is not licensed and has been disabled
Info (12021): Found 1 design units, including 1 entities, in source file /users/35-325/desktop/b_adder/b_adder.v
    Info (12023): Found entity 1: B_adder
Info (12021): Found 1 design units, including 1 entities, in source file /users/35-325/desktop/f_adder/f_adder.v
    Info (12023): Found entity 1: F_adder
Info (12021): Found 1 design units, including 1 entities, in source file /users/35-325/desktop/h_adder/h_adder.v
    Info (12023): Found entity 1: H_adder
Info (12021): Found 1 design units, including 1 entities, in source file /users/35-325/desktop/convert/convert.v
    Info (12023): Found entity 1: convert
Info (12021): Found 1 design units, including 1 entities, in source file /users/35-325/desktop/light/light.v
    Info (12023): Found entity 1: light
Info (12021): Found 1 design units, including 1 entities, in source file /users/35-325/desktop/segment/segment.v
    Info (12023): Found entity 1: segment
Warning (12090): Entity "mux" obtained from "../mux/mux.v" instead of from Quartus II megafunction library
Info (12021): Found 1 design units, including 1 entities, in source file /users/35-325/desktop/mux/mux.v
    Info (12023): Found entity 1: mux
Info (12021): Found 1 design units, including 1 entities, in source file fb_b.v
    Info (12023): Found entity 1: fb_b
Info (12127): Elaborating entity "fb_b" for the top level hierarchy
Info (12128): Elaborating entity "B_adder" for hierarchy "B_adder:adder"
Info (12128): Elaborating entity "F_adder" for hierarchy "B_adder:adder|F_adder:F0"
Info (12128): Elaborating entity "H_adder" for hierarchy "B_adder:adder|F_adder:F0|H_adder:h1"
Info (12128): Elaborating entity "convert" for hierarchy "convert:con"
Info (12128): Elaborating entity "light" for hierarchy "light:li"
Warning (10230): Verilog HDL assignment warning at light.v(26): truncated value with size 6 to match size of target (1)
Warning (10230): Verilog HDL assignment warning at light.v(27): truncated value with size 6 to match size of target (1)
Warning (10230): Verilog HDL assignment warning at light.v(28): truncated value with size 6 to match size of target (1)
Warning (10230): Verilog HDL assignment warning at light.v(29): truncated value with size 6 to match size of target (1)
Warning (10230): Verilog HDL assignment warning at light.v(30): truncated value with size 6 to match size of target (1)
Warning (10230): Verilog HDL assignment warning at light.v(31): truncated value with size 6 to match size of target (1)
Info (12128): Elaborating entity "segment" for hierarchy "light:li|segment:seg1"
Info (12128): Elaborating entity "mux" for hierarchy "light:li|mux:m0"
Warning (12241): 2 hierarchies have connectivity warnings - see the Connectivity Checks report folder
Warning (13024): Output pins are stuck at VCC or GND
    Warning (13410): Pin "com[2]" is stuck at VCC
    Warning (13410): Pin "com[3]" is stuck at VCC
    Warning (13410): Pin "com[4]" is stuck at VCC
    Warning (13410): Pin "com[5]" is stuck at VCC
    Warning (13410): Pin "com[6]" is stuck at VCC
    Warning (13410): Pin "com[7]" is stuck at VCC
Info (144001): Generated suppressed messages file C:/Users/35-325/Desktop/fb_b/output_files/fb_b.map.smsg
Info (16010): Generating hard_block partition "hard_block:auto_generated_inst"
    Info (16011): Adding 0 node(s), including 0 DDIO, 0 PLL, 0 transceiver and 0 LCELL
Warning (21074): Design contains 1 input pin(s) that do not drive logic
    Warning (15610): No output dependent on input pin "Cin"
Info (21057): Implemented 56 device resources after synthesis - the final resource count might be different
    Info (21058): Implemented 10 input pins
    Info (21059): Implemented 15 output pins
    Info (21061): Implemented 31 logic cells
Info: Quartus II 32-bit Analysis & Synthesis was successful. 0 errors, 18 warnings
    Info: Peak virtual memory: 346 megabytes
    Info: Processing ended: Thu May 24 18:36:56 2018
    Info: Elapsed time: 00:00:01
    Info: Total CPU time (on all processors): 00:00:01


+------------------------------------------+
; Analysis & Synthesis Suppressed Messages ;
+------------------------------------------+
The suppressed messages can be found in C:/Users/35-325/Desktop/fb_b/output_files/fb_b.map.smsg.


